\BOOKMARK [1][-]{section.1}{\376\377\000S\000c\000h\000n\000e\000l\000l\000s\000t\000a\000r\000t}{}% 1
\BOOKMARK [1][-]{section.2}{\376\377\000E\000i\000n\000f\000\374\000h\000r\000u\000n\000g}{}% 2
\BOOKMARK [2][-]{subsection.2.1}{\376\377\000M\000o\000d\000i}{section.2}% 3
\BOOKMARK [1][-]{section.3}{\376\377\000H\000a\000u\000p\000t\000f\000e\000n\000s\000t\000e\000r}{}% 4
\BOOKMARK [2][-]{subsection.3.1}{\376\377\000A\000k\000t\000i\000o\000n\000e\000n}{section.3}% 5
\BOOKMARK [2][-]{subsection.3.2}{\376\377\000P\000a\000r\000t\000i\000e\000n}{section.3}% 6
\BOOKMARK [2][-]{subsection.3.3}{\376\377\000E\000n\000g\000i\000n\000e\000s}{section.3}% 7
\BOOKMARK [3][-]{subsubsection.3.3.1}{\376\377\000E\000i\000n\000s\000t\000e\000l\000l\000u\000n\000g\000e\000n}{subsection.3.3}% 8
\BOOKMARK [2][-]{subsection.3.4}{\376\377\000B\000\374\000c\000h\000e\000r}{section.3}% 9
\BOOKMARK [2][-]{subsection.3.5}{\376\377\000E\000i\000n\000s\000t\000e\000l\000l\000u\000n\000g\000e\000n}{section.3}% 10
\BOOKMARK [2][-]{subsection.3.6}{\376\377\000E\000l\000e\000k\000t\000r\000o\000n\000i\000s\000c\000h\000e\000\040\000S\000c\000h\000a\000c\000h\000b\000r\000e\000t\000t\000e\000r}{section.3}% 11
\BOOKMARK [3][-]{subsubsection.3.6.1}{\376\377\000E\000n\000g\000i\000n\000e\000s}{subsection.3.6}% 12
\BOOKMARK [2][-]{subsection.3.7}{\376\377\000W\000i\000n\000d\000o\000w\000s}{section.3}% 13
\BOOKMARK [2][-]{subsection.3.8}{\376\377\000I\000n\000f\000o}{section.3}% 14
\BOOKMARK [2][-]{subsection.3.9}{\376\377\000H\000e\000l\000p}{section.3}% 15
\BOOKMARK [1][-]{section.4}{\376\377\000I\000n\000s\000t\000a\000l\000l\000,\000\040\000C\000o\000n\000f\000i\000g\000u\000r\000e\000\040\000a\000n\000d\000\040\000L\000o\000a\000d\000\040\000a\000\040\000c\000h\000e\000s\000s\000\040\000e\000n\000g\000i\000n\000e}{}% 16
\BOOKMARK [2][-]{subsection.4.1}{\376\377\000I\000n\000s\000t\000a\000l\000l\000\040\000a\000\040\000n\000e\000w\000\040\000e\000n\000g\000i\000n\000e}{section.4}% 17
\BOOKMARK [3][-]{subsubsection.4.1.1}{\376\377\000W\000a\000i\000t\000\040\000f\000o\000r\000\040\000a\000\040\000n\000e\000w\000\040\000g\000a\000m\000e}{subsection.4.1}% 18
\BOOKMARK [3][-]{subsubsection.4.1.2}{\376\377\000A\000s\000s\000i\000g\000n\000\040\000a\000\040\000l\000o\000g\000o\000\040\000f\000i\000l\000e}{subsection.4.1}% 19
\BOOKMARK [3][-]{subsubsection.4.1.3}{\376\377\000A\000d\000d\000\040\000s\000t\000a\000r\000t\000\040\000p\000a\000r\000a\000m\000e\000t\000e\000r}{subsection.4.1}% 20
\BOOKMARK [3][-]{subsubsection.4.1.4}{\376\377\000U\000s\000e\000\040\000o\000p\000e\000n\000i\000n\000g\000\040\000b\000o\000o\000k}{subsection.4.1}% 21
\BOOKMARK [3][-]{subsubsection.4.1.5}{\376\377\000I\000n\000s\000t\000a\000l\000l\000\040\000C\000e\000r\000t\000a\000b\000o\000\040\000A\000v\000a\000t\000a\000r\000\040\000U\000C\000I\000\040\000C\000h\000e\000s\000s\000\040\000e\000n\000g\000i\000n\000e}{subsection.4.1}% 22
\BOOKMARK [3][-]{subsubsection.4.1.6}{\376\377\000I\000n\000s\000t\000a\000l\000l\000\040\000M\000e\000s\000s\000C\000h\000e\000s\000s\000\040\000e\000n\000g\000i\000n\000e}{subsection.4.1}% 23
\BOOKMARK [3][-]{subsubsection.4.1.7}{\376\377\000I\000n\000s\000t\000a\000l\000l\000\040\000a\000n\000\040\000e\000n\000g\000i\000n\000e\000\040\000v\000i\000a\000\040\000C\000M\000D\000\040\000f\000i\000l\000e}{subsection.4.1}% 24
\BOOKMARK [2][-]{subsection.4.2}{\376\377\000C\000o\000n\000f\000i\000g\000u\000r\000e\000\040\000a\000n\000\040\000e\000n\000g\000i\000n\000e}{section.4}% 25
\BOOKMARK [2][-]{subsection.4.3}{\376\377\000A\000d\000d\000i\000t\000i\000o\000n\000a\000l\000\040\000c\000o\000n\000f\000i\000g\000u\000r\000a\000t\000i\000o\000n\000\040\000f\000o\000r\000\040\000a\000n\000\040\000i\000n\000s\000t\000a\000l\000l\000e\000d\000\040\000e\000n\000g\000i\000n\000e}{section.4}% 26
\BOOKMARK [2][-]{subsection.4.4}{\376\377\000D\000e\000f\000i\000n\000e\000\040\000a\000\040\000B\000u\000d\000d\000y\000\040\000e\000n\000g\000i\000n\000e}{section.4}% 27
\BOOKMARK [2][-]{subsection.4.5}{\376\377\000D\000e\000f\000i\000n\000e\000\040\000a\000\040\000B\000e\000a\000r\000C\000h\000e\000s\000s\000\040\000e\000n\000g\000i\000n\000e}{section.4}% 28
\BOOKMARK [2][-]{subsection.4.6}{\376\377\000L\000o\000a\000d\000\040\000a\000n\000\040\000e\000n\000g\000i\000n\000e}{section.4}% 29
\BOOKMARK [3][-]{subsubsection.4.6.1}{\376\377\000L\000o\000a\000d\000\040\000a\000\040\000M\000e\000s\000s\000C\000h\000e\000s\000s\000\040\000e\000n\000g\000i\000n\000e}{subsection.4.6}% 30
\BOOKMARK [3][-]{subsubsection.4.6.2}{\376\377\000L\000o\000a\000d\000\040\000a\000n\000\040\000e\000n\000g\000i\000n\000e\000\040\000b\000y\000\040\000c\000o\000m\000m\000a\000n\000d\000\040\000l\000i\000n\000e}{subsection.4.6}% 31
\BOOKMARK [1][-]{section.5}{\376\377\000L\000o\000a\000d\000\040\000a\000n\000d\000\040\000M\000a\000n\000a\000g\000e\000\040\000O\000p\000e\000n\000i\000n\000g\000\040\000B\000o\000o\000k\000s}{}% 32
\BOOKMARK [1][-]{section.6}{\376\377\000C\000o\000n\000f\000i\000g\000u\000r\000e\000\040\000B\000e\000a\000r\000C\000h\000e\000s\000s}{}% 33
\BOOKMARK [2][-]{subsection.6.1}{\376\377\000L\000a\000n\000g\000u\000a\000g\000e}{section.6}% 34
\BOOKMARK [2][-]{subsection.6.2}{\376\377\000G\000a\000m\000e\000s}{section.6}% 35
\BOOKMARK [2][-]{subsection.6.3}{\376\377\000I\000n\000t\000e\000r\000n\000a\000l}{section.6}% 36
\BOOKMARK [1][-]{section.7}{\376\377\000C\000o\000n\000f\000i\000g\000u\000r\000e\000\040\000B\000o\000a\000r\000d\000\040\000a\000n\000d\000\040\000P\000i\000e\000c\000e\000s}{}% 37
\BOOKMARK [2][-]{subsection.7.1}{\376\377\000I\000n\000s\000t\000a\000l\000l\000\040\000n\000e\000w\000\040\000b\000o\000a\000r\000d\000\040\000c\000o\000l\000o\000r\000s\000\040\000a\000n\000d\000\040\000p\000i\000e\000c\000e\000s}{section.7}% 38
\BOOKMARK [3][-]{subsubsection.7.1.1}{\376\377\000N\000e\000w\000\040\000b\000o\000a\000r\000d\000\040\000c\000o\000l\000o\000r\000s}{subsection.7.1}% 39
\BOOKMARK [3][-]{subsubsection.7.1.2}{\376\377\000N\000e\000w\000\040\000p\000i\000e\000c\000e\000s}{subsection.7.1}% 40
\BOOKMARK [2][-]{subsection.7.2}{\376\377\000S\000h\000o\000w\000\040\000l\000a\000s\000t\000/\000b\000e\000s\000t\000\040\000m\000o\000v\000e}{section.7}% 41
\BOOKMARK [2][-]{subsection.7.3}{\376\377\000P\000o\000s\000s\000i\000b\000l\000e\000\040\000m\000o\000v\000e\000s}{section.7}% 42
\BOOKMARK [2][-]{subsection.7.4}{\376\377\000F\000a\000s\000t\000\040\000m\000o\000v\000e\000\040\000i\000n\000p\000u\000t}{section.7}% 43
\BOOKMARK [1][-]{section.8}{\376\377\000C\000o\000n\000f\000i\000g\000u\000r\000e\000\040\000N\000o\000t\000a\000t\000i\000o\000n\000\040\000a\000n\000d\000\040\000M\000o\000v\000e\000s}{}% 44
\BOOKMARK [1][-]{section.9}{\376\377\000C\000o\000n\000f\000i\000g\000u\000r\000e\000\040\000c\000l\000o\000c\000k\000\040\000s\000t\000y\000l\000e}{}% 45
\BOOKMARK [1][-]{section.10}{\376\377\000C\000o\000n\000f\000i\000g\000u\000r\000e\000\040\000s\000p\000e\000e\000c\000h\000\040\000a\000n\000d\000\040\000s\000o\000u\000n\000d\000s}{}% 46
\BOOKMARK [2][-]{subsection.10.1}{\376\377\000C\000o\000n\000f\000i\000g\000u\000r\000e\000\040\000s\000p\000e\000e\000c\000h}{section.10}% 47
\BOOKMARK [2][-]{subsection.10.2}{\376\377\000C\000o\000n\000f\000i\000g\000u\000r\000e\000\040\000s\000o\000u\000n\000d}{section.10}% 48
\BOOKMARK [1][-]{section.11}{\376\377\000S\000h\000o\000w\000\040\000c\000a\000p\000t\000u\000r\000e\000d\000\040\000p\000i\000e\000c\000e\000s}{}% 49
\BOOKMARK [1][-]{section.12}{\376\377\000E\000l\000e\000c\000t\000r\000o\000n\000i\000c\000\040\000c\000h\000e\000s\000s\000b\000o\000a\000r\000d\000s}{}% 50
\BOOKMARK [2][-]{subsection.12.1}{\376\377\000C\000o\000n\000f\000i\000g\000u\000r\000e\000\040\000C\000e\000r\000t\000a\000b\000o\000\040\000b\000o\000a\000r\000d\000s}{section.12}% 51
\BOOKMARK [3][-]{subsubsection.12.1.1}{\376\377\000C\000o\000n\000f\000i\000g\000u\000r\000e\000\040\000B\000l\000u\000e\000t\000o\000o\000t\000h\000\040\000C\000l\000a\000s\000s\000i\000c}{subsection.12.1}% 52
\BOOKMARK [3][-]{subsubsection.12.1.2}{\376\377\000C\000a\000l\000i\000b\000r\000a\000t\000i\000o\000n}{subsection.12.1}% 53
\BOOKMARK [3][-]{subsubsection.12.1.3}{\376\377\000C\000h\000e\000s\000s\000t\000i\000m\000a\000t\000i\000o\000n\000\040\000M\000o\000d\000u\000l}{subsection.12.1}% 54
\BOOKMARK [3][-]{subsubsection.12.1.4}{\376\377\000C\000o\000n\000n\000e\000c\000t}{subsection.12.1}% 55
\BOOKMARK [2][-]{subsection.12.2}{\376\377\000C\000o\000n\000f\000i\000g\000u\000r\000e\000\040\000T\000a\000b\000u\000T\000r\000o\000n\000i\000c\000\040\000C\000e\000r\000n\000o}{section.12}% 56
\BOOKMARK [2][-]{subsection.12.3}{\376\377\000C\000o\000n\000f\000i\000g\000u\000r\000e\000\040\000T\000a\000b\000u\000T\000r\000o\000n\000i\000c\000\040\000S\000e\000n\000t\000i\000o}{section.12}% 57
\BOOKMARK [3][-]{subsubsection.12.3.1}{\376\377\000C\000o\000n\000f\000i\000g\000u\000r\000e\000\040\000B\000l\000u\000e\000t\000o\000o\000t\000h\000\040\000C\000l\000a\000s\000s\000i\000c}{subsection.12.3}% 58
\BOOKMARK [3][-]{subsubsection.12.3.2}{\376\377\000C\000o\000n\000n\000e\000c\000t}{subsection.12.3}% 59
\BOOKMARK [2][-]{subsection.12.4}{\376\377\000C\000o\000n\000f\000i\000g\000u\000r\000e\000\040\000i\000C\000h\000e\000s\000s\000O\000n\000e}{section.12}% 60
\BOOKMARK [3][-]{subsubsection.12.4.1}{\376\377\000B\000a\000t\000t\000e\000r\000y\000\040\000L\000e\000v\000e\000l\000\040\000r\000e\000d\000*\000\040}{subsection.12.4}% 61
\BOOKMARK [3][-]{subsubsection.12.4.2}{\376\377\000L\000E\000D\000s}{subsection.12.4}% 62
\BOOKMARK [3][-]{subsubsection.12.4.3}{\376\377\000A\000c\000t\000i\000v\000e\000\040\000L\000E\000D\000s}{subsection.12.4}% 63
\BOOKMARK [3][-]{subsubsection.12.4.4}{\376\377\000T\000e\000s\000t\000\040\000y\000o\000u\000r\000\040\000L\000E\000D\000\040\000c\000o\000n\000f\000i\000g\000u\000r\000a\000t\000i\000o\000n}{subsection.12.4}% 64
\BOOKMARK [3][-]{subsubsection.12.4.5}{\376\377\000S\000a\000v\000e\000\040\000y\000o\000u\000r\000\040\000L\000E\000D\000\040\000c\000o\000n\000f\000i\000g\000u\000r\000a\000t\000i\000o\000n}{subsection.12.4}% 65
\BOOKMARK [2][-]{subsection.12.5}{\376\377\000C\000o\000n\000f\000i\000g\000u\000r\000e\000\040\000M\000i\000l\000l\000e\000n\000n\000i\000u\000m\000\040\000C\000h\000e\000s\000s\000L\000i\000n\000k}{section.12}% 66
\BOOKMARK [3][-]{subsubsection.12.5.1}{\376\377\000L\000E\000D\000s}{subsection.12.5}% 67
\BOOKMARK [3][-]{subsubsection.12.5.2}{\376\377\000D\000e\000l\000a\000y}{subsection.12.5}% 68
\BOOKMARK [3][-]{subsubsection.12.5.3}{\376\377\000S\000c\000a\000n\000s}{subsection.12.5}% 69
\BOOKMARK [3][-]{subsubsection.12.5.4}{\376\377\000C\000o\000n\000f\000i\000g\000u\000r\000e\000\040\000B\000l\000u\000e\000t\000o\000o\000t\000h}{subsection.12.5}% 70
\BOOKMARK [3][-]{subsubsection.12.5.5}{\376\377\000C\000h\000e\000s\000s\000t\000i\000m\000a\000t\000i\000o\000n\000/\000E\000l\000f\000a\000c\000u\000n\000\040\000M\000o\000d\000u\000l\000e}{subsection.12.5}% 71
\BOOKMARK [3][-]{subsubsection.12.5.6}{\376\377\000C\000o\000n\000n\000e\000c\000t}{subsection.12.5}% 72
\BOOKMARK [2][-]{subsection.12.6}{\376\377\000C\000o\000n\000f\000i\000g\000u\000r\000e\000\040\000D\000G\000T\000\040\000e\000-\000B\000o\000a\000r\000d}{section.12}% 73
\BOOKMARK [3][-]{subsubsection.12.6.1}{\376\377\000C\000o\000n\000f\000i\000g\000u\000r\000e\000\040\000B\000l\000u\000e\000t\000o\000o\000t\000h}{subsection.12.6}% 74
\BOOKMARK [2][-]{subsection.12.7}{\376\377\000C\000o\000n\000f\000i\000g\000u\000r\000e\000\040\000D\000G\000T\000\040\000P\000e\000g\000a\000s\000u\000s}{section.12}% 75
\BOOKMARK [3][-]{subsubsection.12.7.1}{\376\377\000V\000e\000r\000i\000f\000y\000\040\000p\000o\000s\000i\000t\000i\000o\000n}{subsection.12.7}% 76
\BOOKMARK [2][-]{subsection.12.8}{\376\377\000C\000o\000n\000f\000i\000g\000u\000r\000e\000\040\000C\000h\000e\000s\000s\000n\000u\000t\000\040\000A\000i\000r\000/\000A\000i\000r\000+\000/\000P\000r\000o}{section.12}% 77
\BOOKMARK [3][-]{subsubsection.12.8.1}{\376\377\000C\000o\000n\000n\000e\000c\000t\000\040\000C\000h\000e\000s\000s\000n\000u\000t\000\040\000A\000i\000r\000/\000A\000i\000r\000+\000/\000P\000r\000o}{subsection.12.8}% 78
\BOOKMARK [2][-]{subsection.12.9}{\376\377\000C\000o\000n\000f\000i\000g\000u\000r\000e\000\040\000C\000h\000e\000s\000s\000n\000u\000t\000\040\000E\000v\000o}{section.12}% 79
\BOOKMARK [3][-]{subsubsection.12.9.1}{\376\377\000L\000E\000D\000s}{subsection.12.9}% 80
\BOOKMARK [3][-]{subsubsection.12.9.2}{\376\377\000A\000c\000t\000i\000v\000e\000\040\000L\000E\000D\000s}{subsection.12.9}% 81
\BOOKMARK [3][-]{subsubsection.12.9.3}{\376\377\000T\000e\000s\000t\000\040\000y\000o\000u\000r\000\040\000L\000E\000D\000\040\000c\000o\000n\000f\000i\000g\000u\000r\000a\000t\000i\000o\000n}{subsection.12.9}% 82
\BOOKMARK [3][-]{subsubsection.12.9.4}{\376\377\000S\000a\000v\000e\000\040\000y\000o\000u\000r\000\040\000L\000E\000D\000\040\000c\000o\000n\000f\000i\000g\000u\000r\000a\000t\000i\000o\000n}{subsection.12.9}% 83
\BOOKMARK [3][-]{subsubsection.12.9.5}{\376\377\000C\000o\000n\000n\000e\000c\000t\000\040\000C\000h\000e\000s\000s\000n\000u\000t\000\040\000E\000v\000o}{subsection.12.9}% 84
\BOOKMARK [2][-]{subsection.12.10}{\376\377\000C\000o\000n\000n\000e\000c\000t\000\040\000S\000q\000u\000a\000r\000e\000\040\000O\000f\000f\000\040\000P\000r\000o}{section.12}% 85
\BOOKMARK [3][-]{subsubsection.12.10.1}{\376\377\000V\000e\000r\000i\000f\000y\000\040\000p\000o\000s\000i\000t\000i\000o\000n}{subsection.12.10}% 86
\BOOKMARK [2][-]{subsection.12.11}{\376\377\000C\000o\000n\000n\000e\000c\000t\000\040\000C\000h\000e\000s\000s\000U\000p}{section.12}% 87
\BOOKMARK [2][-]{subsection.12.12}{\376\377\000C\000o\000n\000n\000e\000c\000t\000\040\000H\000o\000u\000s\000e\000\040\000o\000f\000\040\000S\000t\000a\000u\000n\000t\000o\000n}{section.12}% 88
\BOOKMARK [2][-]{subsection.12.13}{\376\377\000C\000o\000n\000f\000i\000g\000u\000r\000e\000\040\000N\000O\000V\000A\000G\000\040\000C\000i\000t\000r\000i\000n\000e}{section.12}% 89
\BOOKMARK [3][-]{subsubsection.12.13.1}{\376\377\000C\000o\000n\000n\000e\000c\000t}{subsection.12.13}% 90
\BOOKMARK [3][-]{subsubsection.12.13.2}{\376\377\000I\000m\000p\000o\000r\000t\000a\000n\000t\000\040\000i\000n\000f\000o\000r\000m\000a\000t\000i\000o\000n\000\040\000a\000n\000d\000\040\000r\000e\000s\000t\000r\000i\000c\000t\000i\000o\000n\000s}{subsection.12.13}% 91
\BOOKMARK [2][-]{subsection.12.14}{\376\377\000C\000o\000n\000f\000i\000g\000u\000r\000e\000\040\000N\000O\000V\000A\000G\000\040\000U\000C\000B}{section.12}% 92
\BOOKMARK [3][-]{subsubsection.12.14.1}{\376\377\000C\000o\000n\000n\000e\000c\000t}{subsection.12.14}% 93
\BOOKMARK [3][-]{subsubsection.12.14.2}{\376\377\000I\000m\000p\000o\000r\000t\000a\000n\000t\000\040\000i\000n\000f\000o\000r\000m\000a\000t\000i\000o\000n\000\040\000a\000n\000d\000\040\000r\000e\000s\000t\000r\000i\000c\000t\000i\000o\000n\000s}{subsection.12.14}% 94
\BOOKMARK [2][-]{subsection.12.15}{\376\377\000C\000o\000n\000f\000i\000g\000u\000r\000e\000\040\000S\000a\000i\000t\000e\000k\000\040\000O\000S\000A}{section.12}% 95
\BOOKMARK [3][-]{subsubsection.12.15.1}{\376\377\000C\000o\000n\000n\000e\000c\000t}{subsection.12.15}% 96
\BOOKMARK [3][-]{subsubsection.12.15.2}{\376\377\000I\000m\000p\000o\000r\000t\000a\000n\000t\000\040\000i\000n\000f\000o\000r\000m\000a\000t\000i\000o\000n\000\040\000a\000n\000d\000\040\000r\000e\000s\000t\000r\000i\000c\000t\000i\000o\000n\000s}{subsection.12.15}% 97
\BOOKMARK [2][-]{subsection.12.16}{\376\377\000S\000w\000i\000t\000c\000h\000\040\000s\000i\000d\000e}{section.12}% 98
\BOOKMARK [1][-]{section.13}{\376\377\000P\000l\000a\000y\000\040\000a\000\040\000g\000a\000m\000e}{}% 99
\BOOKMARK [2][-]{subsection.13.1}{\376\377\000S\000e\000l\000e\000c\000t\000\040\000o\000p\000p\000o\000n\000e\000n\000t}{section.13}% 100
\BOOKMARK [2][-]{subsection.13.2}{\376\377\000P\000l\000a\000y\000i\000n\000g\000\040\000i\000n\000\040\000r\000e\000l\000a\000x\000e\000d\000\040\000m\000o\000d\000e}{section.13}% 101
\BOOKMARK [2][-]{subsection.13.3}{\376\377\000T\000i\000m\000e\000\040\000c\000o\000n\000t\000r\000o\000l}{section.13}% 102
\BOOKMARK [2][-]{subsection.13.4}{\376\377\000T\000o\000u\000r\000n\000a\000m\000e\000n\000t\000\040\000m\000o\000d\000e}{section.13}% 103
\BOOKMARK [2][-]{subsection.13.5}{\376\377\000A\000l\000l\000o\000w\000\040\000t\000o\000\040\000t\000a\000k\000e\000\040\000a\000\040\000m\000o\000v\000e\000\040\000b\000a\000c\000k}{section.13}% 104
\BOOKMARK [2][-]{subsection.13.6}{\376\377\000E\000x\000t\000r\000a\000\040\000t\000i\000m\000e\000\040\000f\000o\000r\000\040\000h\000u\000m\000a\000n\000\040\000p\000l\000a\000y\000e\000r}{section.13}% 105
\BOOKMARK [2][-]{subsection.13.7}{\376\377\000S\000t\000a\000r\000t\000\040\000t\000h\000e\000\040\000c\000l\000o\000c\000k\000\040\000a\000f\000t\000e\000r\000\040\000t\000h\000e\000\040\000m\000o\000v\000e\000\040\000i\000s\000\040\000e\000x\000e\000c\000u\000t\000e\000d\000\040\000o\000n\000\040\000t\000h\000e\000\040\000e\000l\000e\000c\000t\000r\000o\000n\000i\000c\000\040\000b\000o\000a\000r\000d}{section.13}% 106
\BOOKMARK [2][-]{subsection.13.8}{\376\377\000S\000t\000a\000r\000t\000\040\000f\000r\000o\000m}{section.13}% 107
\BOOKMARK [2][-]{subsection.13.9}{\376\377\000C\000o\000n\000f\000i\000g\000u\000r\000a\000t\000i\000o\000n\000\040\000f\000o\000r\000\040\000s\000t\000a\000r\000t\000u\000p\000\040\000g\000a\000m\000e}{section.13}% 108
\BOOKMARK [2][-]{subsection.13.10}{\376\377\000R\000e\000q\000u\000e\000s\000t\000\040\000f\000o\000r\000\040\000h\000e\000l\000p}{section.13}% 109
\BOOKMARK [1][-]{section.14}{\376\377\000M\000o\000v\000e\000\040\000l\000i\000s\000t}{}% 110
\BOOKMARK [1][-]{section.15}{\376\377\000P\000a\000u\000s\000e\000\040\000a\000n\000d\000\040\000c\000o\000n\000t\000i\000n\000u\000e\000\040\000a\000\040\000g\000a\000m\000e}{}% 111
\BOOKMARK [1][-]{section.16}{\376\377\000F\000o\000r\000c\000e\000\040\000a\000\040\000m\000o\000v\000e}{}% 112
\BOOKMARK [1][-]{section.17}{\376\377\000S\000w\000i\000t\000c\000h\000\040\000s\000i\000d\000e}{}% 113
\BOOKMARK [1][-]{section.18}{\376\377\000E\000a\000s\000y\000\040\000s\000t\000a\000r\000t\000\040\000o\000r\000\040\000r\000e\000s\000t\000a\000r\000t\000\040\000o\000f\000\040\000a\000\040\000g\000a\000m\000e}{}% 114
\BOOKMARK [2][-]{subsubsection.18.0.1}{\376\377\000C\000o\000n\000t\000i\000n\000u\000e\000\040\000a\000\040\000g\000a\000m\000e}{section.18}% 115
\BOOKMARK [3][-]{subsubsection.18.0.2}{\376\377\000E\000l\000e\000c\000t\000r\000o\000n\000i\000c\000\040\000c\000h\000e\000s\000s\000b\000o\000a\000r\000d}{subsubsection.18.0.1}% 116
\BOOKMARK [2][-]{subsection.18.1}{\376\377\000I\000n\000f\000l\000u\000e\000n\000c\000e\000\040\000o\000f\000\040\000B\000e\000a\000r\000C\000h\000e\000s\000s\000\040\000i\000n\000\040\000e\000n\000g\000i\000n\000e\000\040\000g\000a\000m\000e\000s}{section.18}% 117
\BOOKMARK [1][-]{section.19}{\376\377\000R\000e\000l\000a\000x\000e\000d\000\040\000m\000o\000d\000e}{}% 118
\BOOKMARK [1][-]{section.20}{\376\377\000A\000n\000a\000l\000y\000s\000i\000s\000\040\000m\000o\000d\000e}{}% 119
\BOOKMARK [2][-]{subsection.20.1}{\376\377\000F\000r\000e\000e\000\040\000a\000n\000a\000l\000y\000s\000e}{section.20}% 120
\BOOKMARK [2][-]{subsection.20.2}{\376\377\000W\000i\000t\000h\000\040\000e\000l\000e\000c\000t\000r\000o\000n\000i\000c\000\040\000c\000h\000e\000s\000s\000b\000o\000a\000r\000d}{section.20}% 121
\BOOKMARK [2][-]{subsection.20.3}{\376\377\000W\000i\000t\000h\000o\000u\000t\000\040\000e\000l\000e\000c\000t\000r\000o\000n\000i\000c\000\040\000c\000h\000e\000s\000s\000b\000o\000a\000r\000d}{section.20}% 122
\BOOKMARK [2][-]{subsection.20.4}{\376\377\000A\000n\000a\000l\000y\000s\000e\000\040\000a\000\040\000g\000a\000m\000e}{section.20}% 123
\BOOKMARK [3][-]{subsubsection.20.4.1}{\376\377\000A\000n\000a\000l\000y\000s\000e\000\040\000a\000\040\000l\000o\000a\000d\000e\000d\000\040\000g\000a\000m\000e}{subsection.20.4}% 124
\BOOKMARK [3][-]{subsubsection.20.4.2}{\376\377\000A\000n\000a\000l\000y\000s\000e\000\040\000a\000\040\000n\000e\000w\000\040\000g\000a\000m\000e}{subsection.20.4}% 125
\BOOKMARK [1][-]{section.21}{\376\377\000D\000u\000e\000l}{}% 126
\BOOKMARK [2][-]{subsection.21.1}{\376\377\000S\000t\000a\000r\000t\000\040\000a\000\040\000n\000e\000w\000\040\000d\000u\000e\000l}{section.21}% 127
\BOOKMARK [3][-]{subsubsection.21.1.1}{\376\377\000E\000n\000g\000i\000n\000e\000\040\000d\000u\000e\000l\000\040\000i\000n\000f\000o\000r\000m\000a\000t\000i\000o\000n}{subsection.21.1}% 128
\BOOKMARK [2][-]{subsection.21.2}{\376\377\000E\000s\000t\000i\000m\000a\000t\000e\000\040\000E\000L\000O}{section.21}% 129
\BOOKMARK [2][-]{subsection.21.3}{\376\377\000M\000a\000n\000a\000g\000e\000\040\000d\000u\000e\000l\000s}{section.21}% 130
\BOOKMARK [3][-]{subsubsection.21.3.1}{\376\377\000R\000e\000n\000a\000m\000e\000\040\000a\000\040\000d\000u\000e\000l}{subsection.21.3}% 131
\BOOKMARK [3][-]{subsubsection.21.3.2}{\376\377\000R\000e\000p\000e\000a\000t\000\040\000a\000\040\000g\000a\000m\000e}{subsection.21.3}% 132
\BOOKMARK [1][-]{section.22}{\376\377\000E\000n\000g\000i\000n\000e\000\040\000t\000o\000u\000r\000n\000a\000m\000e\000n\000t}{}% 133
\BOOKMARK [2][-]{subsection.22.1}{\376\377\000S\000t\000a\000r\000t\000\040\000a\000\040\000n\000e\000w\000\040\000e\000n\000g\000i\000n\000e\000\040\000t\000o\000u\000r\000n\000a\000m\000e\000n\000t}{section.22}% 134
\BOOKMARK [3][-]{subsubsection.22.1.1}{\376\377\000E\000n\000g\000i\000n\000e\000\040\000t\000o\000u\000r\000n\000a\000m\000e\000n\000t\000\040\000i\000n\000f\000o\000r\000m\000a\000t\000i\000o\000n}{subsection.22.1}% 135
\BOOKMARK [2][-]{subsection.22.2}{\376\377\000M\000a\000n\000a\000g\000e\000\040\000e\000n\000g\000i\000n\000e\000\040\000t\000o\000u\000r\000n\000a\000m\000e\000n\000t\000s}{section.22}% 136
\BOOKMARK [3][-]{subsubsection.22.2.1}{\376\377\000R\000e\000n\000a\000m\000e\000\040\000a\000\040\000t\000o\000u\000r\000n\000a\000m\000e\000n\000t}{subsection.22.2}% 137
\BOOKMARK [3][-]{subsubsection.22.2.2}{\376\377\000R\000e\000p\000e\000a\000t\000\040\000a\000\040\000g\000a\000m\000e}{subsection.22.2}% 138
\BOOKMARK [3][-]{subsubsection.22.2.3}{\376\377\000T\000o\000u\000r\000n\000a\000m\000e\000n\000t\000\040\000i\000n\000f\000o\000r\000m\000a\000t\000i\000o\000n}{subsection.22.2}% 139
\BOOKMARK [1][-]{section.23}{\376\377\000S\000e\000t\000u\000p\000\040\000p\000o\000s\000i\000t\000i\000o\000n}{}% 140
\BOOKMARK [2][-]{subsection.23.1}{\376\377\000W\000i\000t\000h\000\040\000s\000u\000p\000p\000o\000r\000t\000\040\000o\000f\000\040\000a\000n\000\040\000e\000l\000e\000c\000t\000r\000o\000n\000i\000c\000\040\000c\000h\000e\000s\000s\000b\000o\000a\000r\000d}{section.23}% 141
\BOOKMARK [2][-]{subsection.23.2}{\376\377\000W\000i\000t\000h\000o\000u\000t\000\040\000s\000u\000p\000p\000o\000r\000t\000\040\000o\000f\000\040\000a\000n\000\040\000e\000l\000e\000c\000t\000r\000o\000n\000i\000c\000\040\000c\000h\000e\000s\000s\000b\000o\000a\000r\000d}{section.23}% 142
\BOOKMARK [1][-]{section.24}{\376\377\000F\000r\000e\000e\000\040\000I\000n\000t\000e\000r\000n\000e\000t\000\040\000C\000h\000e\000s\000s\000\040\000S\000e\000r\000v\000e\000r\000\040\000\050\000F\000I\000C\000S\000\051}{}% 143
\BOOKMARK [2][-]{subsection.24.1}{\376\377\000C\000o\000n\000f\000i\000g\000u\000r\000e\000\040\000F\000I\000C\000S\000\040\000c\000o\000n\000n\000e\000c\000t\000i\000o\000n}{section.24}% 144
\BOOKMARK [2][-]{subsection.24.2}{\376\377\000C\000o\000n\000n\000e\000c\000t\000\040\000t\000o\000\040\000F\000I\000C\000S}{section.24}% 145
\BOOKMARK [2][-]{subsection.24.3}{\376\377\000F\000I\000C\000S\000\040\000w\000i\000n\000d\000o\000w}{section.24}% 146
\BOOKMARK [3][-]{subsubsection.24.3.1}{\376\377\000M\000a\000i\000n}{subsection.24.3}% 147
\BOOKMARK [4][-]{paragraph.24.3.1.1}{\376\377\000O\000f\000f\000e\000r\000\040\000a\000\040\000g\000a\000m\000e}{subsubsection.24.3.1}% 148
\BOOKMARK [4][-]{paragraph.24.3.1.2}{\376\377\000S\000e\000n\000d\000\040\000a\000\040\000m\000e\000s\000s\000a\000g\000e\000\040\000t\000o\000\040\000y\000o\000u\000r\000\040\000o\000p\000p\000o\000n\000e\000n\000t}{subsubsection.24.3.1}% 149
\BOOKMARK [4][-]{paragraph.24.3.1.3}{\376\377\000S\000e\000n\000d\000\040\000a\000n\000d\000\040\000d\000e\000f\000i\000n\000e\000\040\000y\000o\000u\000r\000\040\000c\000o\000m\000m\000a\000n\000d\000s}{subsubsection.24.3.1}% 150
\BOOKMARK [4][-]{paragraph.24.3.1.4}{\376\377\000S\000e\000n\000d\000\040\000a\000n\000d\000\040\000r\000e\000c\000e\000i\000v\000e\000\040\000m\000e\000s\000s\000a\000g\000e\000s}{subsubsection.24.3.1}% 151
\BOOKMARK [3][-]{subsubsection.24.3.2}{\376\377\000A\000d\000v\000e\000r\000t\000i\000s\000e\000m\000e\000n\000t\000s}{subsection.24.3}% 152
\BOOKMARK [3][-]{subsubsection.24.3.3}{\376\377\000U\000s\000e\000r\000s}{subsection.24.3}% 153
\BOOKMARK [3][-]{subsubsection.24.3.4}{\376\377\000L\000o\000g}{subsection.24.3}% 154
\BOOKMARK [1][-]{section.25}{\376\377\000R\000u\000n\000\040\000s\000t\000a\000r\000t\000u\000p\000\040\000g\000a\000m\000e\000\040\000o\000n\000\040\000s\000t\000a\000r\000t}{}% 155
\BOOKMARK [1][-]{section.26}{\376\377\000G\000a\000m\000e\000s}{}% 156
\BOOKMARK [2][-]{subsection.26.1}{\376\377\000S\000a\000v\000e}{section.26}% 157
\BOOKMARK [2][-]{subsection.26.2}{\376\377\000G\000a\000m\000e\000s\000\040\000m\000a\000n\000a\000g\000e\000r}{section.26}% 158
\BOOKMARK [3][-]{subsubsection.26.2.1}{\376\377\000T\000h\000e\000\040\000W\000e\000e\000k\000\040\000i\000n\000\040\000C\000h\000e\000s\000s\000\040\000\050\000T\000W\000I\000C\000\051}{subsection.26.2}% 159
\BOOKMARK [2][-]{subsection.26.3}{\376\377\000C\000o\000p\000y\000\040\000\046\000\040\000P\000a\000s\000t\000e\000\040\000f\000r\000o\000m\000\040\000c\000l\000i\000p\000b\000o\000a\000r\000d}{section.26}% 160
\BOOKMARK [2][-]{subsection.26.4}{\376\377\000C\000o\000n\000f\000i\000g\000u\000r\000e\000\040\000P\000G\000N\000\040\000e\000x\000p\000o\000r\000t}{section.26}% 161
\BOOKMARK [1][-]{section.27}{\376\377\000E\000n\000g\000i\000n\000e\000\040\000w\000i\000n\000d\000o\000w}{}% 162
\BOOKMARK [1][-]{section.28}{\376\377\000E\000x\000t\000e\000n\000d\000e\000d\000\040\000e\000n\000g\000i\000n\000e\000\040\000s\000u\000p\000p\000o\000r\000t}{}% 163
\BOOKMARK [1][-]{section.29}{\376\377\000I\000m\000p\000o\000r\000t\000a\000n\000t\000\040\000T\000o\000\040\000K\000n\000o\000w}{}% 164
\BOOKMARK [2][-]{subsection.29.1}{\376\377\000I\000n\000s\000t\000a\000l\000l\000\040\000a\000\040\000n\000e\000w\000\040\000v\000e\000r\000s\000i\000o\000n}{section.29}% 165
\BOOKMARK [2][-]{subsection.29.2}{\376\377\000C\000o\000n\000f\000i\000g\000u\000r\000a\000t\000i\000o\000n\000\040\000a\000n\000d\000\040\000l\000o\000g\000\040\000f\000i\000l\000e\000s}{section.29}% 166
\BOOKMARK [2][-]{subsection.29.3}{\376\377\000U\000s\000a\000g\000e\000\040\000o\000f\000\040\000"\000B\000u\000d\000d\000y\000\344\000n\000d\000\040\000"\000B\000e\000a\000r\000C\000h\000e\000s\000s\000\353\000n\000g\000i\000n\000e\000s}{section.29}% 167
\BOOKMARK [2][-]{subsection.29.4}{\376\377\000M\000e\000s\000s\000C\000h\000e\000s\000s\000\040\000e\000n\000g\000i\000n\000e\000s}{section.29}% 168
\BOOKMARK [2][-]{subsection.29.5}{\376\377\000C\000e\000r\000t\000a\000b\000o\000:\000\040\000b\000o\000a\000r\000d\000\040\000o\000r\000i\000e\000n\000t\000a\000t\000i\000o\000n}{section.29}% 169
\BOOKMARK [2][-]{subsection.29.6}{\376\377\000C\000e\000r\000t\000a\000b\000o\000:\000\040\000C\000a\000l\000i\000b\000r\000a\000t\000i\000o\000n}{section.29}% 170
\BOOKMARK [2][-]{subsection.29.7}{\376\377\000T\000a\000b\000u\000T\000r\000o\000n\000i\000c\000\040\000C\000e\000r\000n\000o\000:\000\040\000C\000a\000l\000i\000b\000r\000a\000t\000i\000o\000n}{section.29}% 171
\BOOKMARK [2][-]{subsection.29.8}{\376\377\000T\000a\000b\000u\000T\000r\000o\000n\000i\000c\000\040\000S\000e\000n\000t\000i\000o\000:\000\040\000P\000i\000e\000c\000e\000\040\000r\000e\000c\000o\000g\000n\000i\000t\000i\000o\000n}{section.29}% 172
\BOOKMARK [2][-]{subsection.29.9}{\376\377\000M\000i\000l\000l\000e\000n\000n\000i\000u\000m\000\040\000C\000h\000e\000s\000s\000L\000i\000n\000k\000\040\000\050\000n\000o\000t\000\040\000e\000O\000n\000e\000\051\000:\000\040\000b\000o\000a\000r\000d\000\040\000o\000r\000i\000e\000n\000t\000a\000t\000i\000o\000n}{section.29}% 173
\BOOKMARK [2][-]{subsection.29.10}{\376\377\000D\000G\000T\000\040\000P\000e\000g\000a\000s\000u\000s\000:\000\040\000P\000i\000e\000c\000e\000\040\000r\000e\000c\000o\000g\000n\000i\000t\000i\000o\000n}{section.29}% 174
\BOOKMARK [2][-]{subsection.29.11}{\376\377\000S\000q\000u\000a\000r\000e\000\040\000O\000f\000f\000\040\000P\000r\000o\000:\000\040\000P\000i\000e\000c\000e\000\040\000r\000e\000c\000o\000g\000n\000i\000t\000i\000o\000n}{section.29}% 175
\BOOKMARK [2][-]{subsection.29.12}{\376\377\000i\000C\000h\000e\000s\000s\000O\000n\000e}{section.29}% 176
\BOOKMARK [2][-]{subsection.29.13}{\376\377\000C\000h\000e\000s\000s\000U\000p}{section.29}% 177
\BOOKMARK [2][-]{subsection.29.14}{\376\377\000E\000l\000e\000c\000t\000r\000o\000n\000i\000c\000\040\000c\000h\000e\000s\000s\000b\000o\000a\000r\000d\000\040\000a\000n\000d\000\040\000e\000n\000g\000i\000n\000e\000\040\000d\000u\000e\000l\000s}{section.29}% 178
\BOOKMARK [2][-]{subsection.29.15}{\376\377\000F\000I\000C\000S\000\040\000a\000n\000d\000\040\000g\000a\000m\000e\000\040\000t\000y\000p\000e\000s}{section.29}% 179
\BOOKMARK [2][-]{subsection.29.16}{\376\377\000F\000I\000C\000S\000\040\000a\000n\000d\000\040\000e\000n\000g\000i\000n\000e\000s}{section.29}% 180
\BOOKMARK [2][-]{subsection.29.17}{\376\377\000N\000O\000V\000A\000G\000\040\000a\000n\000d\000\040\000S\000a\000i\000t\000e\000k\000\040\000b\000o\000a\000r\000d\000s}{section.29}% 181
\BOOKMARK [2][-]{subsection.29.18}{\376\377\000A\000v\000a\000i\000l\000a\000b\000l\000e\000\040\000C\000O\000M\000-\000P\000o\000r\000t\000s}{section.29}% 182
\BOOKMARK [1][-]{section.30}{\376\377\000T\000r\000o\000u\000b\000l\000e\000\040\000s\000h\000o\000o\000t\000i\000n\000g}{}% 183
\BOOKMARK [2][-]{subsection.30.1}{\376\377\000T\000h\000e\000\040\000c\000h\000e\000s\000s\000\040\000m\000o\000v\000e\000s\000\040\000a\000r\000e\000\040\000n\000o\000t\000\040\000o\000r\000\040\000n\000o\000t\000\040\000c\000o\000r\000r\000e\000c\000t\000l\000y\000\040\000d\000i\000s\000p\000l\000a\000y\000e\000d}{section.30}% 184
\BOOKMARK [1][-]{section.31}{\376\377\000K\000n\000o\000w\000n\000\040\000I\000s\000s\000u\000e\000s}{}% 185
\BOOKMARK [1][-]{section.32}{\376\377\000A\000c\000k\000n\000o\000w\000l\000e\000d\000g\000m\000e\000n\000t\000s}{}% 186
\BOOKMARK [1][-]{section.33}{\376\377\000N\000e\000x\000t\000\040\000S\000t\000e\000p\000s}{}% 187
\BOOKMARK [1][-]{section.34}{\376\377\000C\000h\000a\000n\000g\000e\000\040\000l\000o\000g}{}% 188
