\BOOKMARK [1][-]{section.1}{\376\377\000Q\000u\000i\000c\000k\000\040\000s\000t\000a\000r\000t}{}% 1
\BOOKMARK [1][-]{section.2}{\376\377\000I\000n\000t\000r\000o\000d\000u\000c\000t\000i\000o\000n}{}% 2
\BOOKMARK [2][-]{subsection.2.1}{\376\377\000M\000o\000d\000e\000s}{section.2}% 3
\BOOKMARK [1][-]{section.3}{\376\377\000M\000a\000i\000n\000\040\000w\000i\000n\000d\000o\000w}{}% 4
\BOOKMARK [2][-]{subsection.3.1}{\376\377\000A\000c\000t\000i\000o\000n\000s}{section.3}% 5
\BOOKMARK [2][-]{subsection.3.2}{\376\377\000G\000a\000m\000e\000s}{section.3}% 6
\BOOKMARK [2][-]{subsection.3.3}{\376\377\000E\000n\000g\000i\000n\000e\000s}{section.3}% 7
\BOOKMARK [3][-]{subsubsection.3.3.1}{\376\377\000S\000e\000t\000t\000i\000n\000g\000s}{subsection.3.3}% 8
\BOOKMARK [2][-]{subsection.3.4}{\376\377\000B\000o\000o\000k\000s}{section.3}% 9
\BOOKMARK [2][-]{subsection.3.5}{\376\377\000S\000e\000t\000t\000i\000n\000g\000s}{section.3}% 10
\BOOKMARK [2][-]{subsection.3.6}{\376\377\000E\000l\000e\000c\000t\000r\000o\000n\000i\000c\000\040\000B\000o\000a\000r\000d\000s}{section.3}% 11
\BOOKMARK [2][-]{subsection.3.7}{\376\377\000W\000i\000n\000d\000o\000w\000s}{section.3}% 12
\BOOKMARK [2][-]{subsection.3.8}{\376\377\000I\000n\000f\000o}{section.3}% 13
\BOOKMARK [2][-]{subsection.3.9}{\376\377\000H\000e\000l\000p}{section.3}% 14
\BOOKMARK [1][-]{section.4}{\376\377\000I\000n\000s\000t\000a\000l\000l\000,\000\040\000C\000o\000n\000f\000i\000g\000u\000r\000e\000\040\000a\000n\000d\000\040\000L\000o\000a\000d\000\040\000a\000\040\000c\000h\000e\000s\000s\000\040\000e\000n\000g\000i\000n\000e}{}% 15
\BOOKMARK [2][-]{subsection.4.1}{\376\377\000I\000n\000s\000t\000a\000l\000l\000\040\000a\000\040\000n\000e\000w\000\040\000e\000n\000g\000i\000n\000e}{section.4}% 16
\BOOKMARK [3][-]{subsubsection.4.1.1}{\376\377\000W\000a\000i\000t\000\040\000f\000o\000r\000\040\000a\000\040\000n\000e\000w\000\040\000g\000a\000m\000e}{subsection.4.1}% 17
\BOOKMARK [3][-]{subsubsection.4.1.2}{\376\377\000A\000s\000s\000i\000g\000n\000\040\000a\000\040\000l\000o\000g\000o\000\040\000f\000i\000l\000e}{subsection.4.1}% 18
\BOOKMARK [3][-]{subsubsection.4.1.3}{\376\377\000A\000d\000d\000\040\000s\000t\000a\000r\000t\000\040\000p\000a\000r\000a\000m\000e\000t\000e\000r}{subsection.4.1}% 19
\BOOKMARK [3][-]{subsubsection.4.1.4}{\376\377\000U\000s\000e\000\040\000o\000p\000e\000n\000i\000n\000g\000\040\000b\000o\000o\000k}{subsection.4.1}% 20
\BOOKMARK [3][-]{subsubsection.4.1.5}{\376\377\000I\000n\000s\000t\000a\000l\000l\000\040\000C\000e\000r\000t\000a\000b\000o\000\040\000A\000v\000a\000t\000a\000r\000\040\000U\000C\000I\000\040\000C\000h\000e\000s\000s\000\040\000e\000n\000g\000i\000n\000e}{subsection.4.1}% 21
\BOOKMARK [3][-]{subsubsection.4.1.6}{\376\377\000I\000n\000s\000t\000a\000l\000l\000\040\000M\000e\000s\000s\000C\000h\000e\000s\000s\000\040\000e\000n\000g\000i\000n\000e}{subsection.4.1}% 22
\BOOKMARK [3][-]{subsubsection.4.1.7}{\376\377\000I\000n\000s\000t\000a\000l\000l\000\040\000a\000n\000\040\000e\000n\000g\000i\000n\000e\000\040\000v\000i\000a\000\040\000C\000M\000D\000\040\000f\000i\000l\000e}{subsection.4.1}% 23
\BOOKMARK [2][-]{subsection.4.2}{\376\377\000C\000o\000n\000f\000i\000g\000u\000r\000e\000\040\000a\000n\000\040\000e\000n\000g\000i\000n\000e}{section.4}% 24
\BOOKMARK [2][-]{subsection.4.3}{\376\377\000A\000d\000d\000i\000t\000i\000o\000n\000a\000l\000\040\000c\000o\000n\000f\000i\000g\000u\000r\000a\000t\000i\000o\000n\000\040\000f\000o\000r\000\040\000a\000n\000\040\000i\000n\000s\000t\000a\000l\000l\000e\000d\000\040\000e\000n\000g\000i\000n\000e}{section.4}% 25
\BOOKMARK [2][-]{subsection.4.4}{\376\377\000D\000e\000f\000i\000n\000e\000\040\000a\000\040\000b\000u\000d\000d\000y\000\040\000e\000n\000g\000i\000n\000e}{section.4}% 26
\BOOKMARK [2][-]{subsection.4.5}{\376\377\000L\000o\000a\000d\000\040\000a\000n\000\040\000e\000n\000g\000i\000n\000e}{section.4}% 27
\BOOKMARK [3][-]{subsubsection.4.5.1}{\376\377\000L\000o\000a\000d\000\040\000a\000\040\000M\000e\000s\000s\000C\000h\000e\000s\000s\000\040\000e\000n\000g\000i\000n\000e}{subsection.4.5}% 28
\BOOKMARK [3][-]{subsubsection.4.5.2}{\376\377\000L\000o\000a\000d\000\040\000a\000n\000\040\000e\000n\000g\000i\000n\000e\000\040\000b\000y\000\040\000c\000o\000m\000m\000a\000n\000d\000\040\000l\000i\000n\000e}{subsection.4.5}% 29
\BOOKMARK [1][-]{section.5}{\376\377\000L\000o\000a\000d\000\040\000a\000n\000d\000\040\000M\000a\000n\000a\000g\000e\000\040\000O\000p\000e\000n\000i\000n\000g\000\040\000B\000o\000o\000k\000s}{}% 30
\BOOKMARK [1][-]{section.6}{\376\377\000C\000o\000n\000f\000i\000g\000u\000r\000e\000\040\000B\000o\000a\000r\000d\000\040\000a\000n\000d\000\040\000P\000i\000e\000c\000e\000s}{}% 31
\BOOKMARK [2][-]{subsection.6.1}{\376\377\000I\000n\000s\000t\000a\000l\000l\000\040\000n\000e\000w\000\040\000b\000o\000a\000r\000d\000\040\000c\000o\000l\000o\000r\000s\000\040\000a\000n\000d\000\040\000p\000i\000e\000c\000e\000s}{section.6}% 32
\BOOKMARK [3][-]{subsubsection.6.1.1}{\376\377\000N\000e\000w\000\040\000b\000o\000a\000r\000d\000\040\000c\000o\000l\000o\000r\000s}{subsection.6.1}% 33
\BOOKMARK [3][-]{subsubsection.6.1.2}{\376\377\000N\000e\000w\000\040\000p\000i\000e\000c\000e\000s}{subsection.6.1}% 34
\BOOKMARK [2][-]{subsection.6.2}{\376\377\000S\000h\000o\000w\000\040\000l\000a\000s\000t\000/\000b\000e\000s\000t\000\040\000m\000o\000v\000e}{section.6}% 35
\BOOKMARK [2][-]{subsection.6.3}{\376\377\000P\000o\000s\000s\000i\000b\000l\000e\000\040\000m\000o\000v\000e\000s}{section.6}% 36
\BOOKMARK [2][-]{subsection.6.4}{\376\377\000F\000a\000s\000t\000\040\000m\000o\000v\000e\000\040\000i\000n\000p\000u\000t}{section.6}% 37
\BOOKMARK [1][-]{section.7}{\376\377\000C\000o\000n\000f\000i\000g\000u\000r\000e\000\040\000N\000o\000t\000a\000t\000i\000o\000n\000\040\000a\000n\000d\000\040\000M\000o\000v\000e\000s}{}% 38
\BOOKMARK [1][-]{section.8}{\376\377\000C\000o\000n\000f\000i\000g\000u\000r\000e\000\040\000c\000l\000o\000c\000k\000\040\000s\000t\000y\000l\000e}{}% 39
\BOOKMARK [1][-]{section.9}{\376\377\000C\000o\000n\000f\000i\000g\000u\000r\000e\000\040\000s\000p\000e\000e\000c\000h\000\040\000a\000n\000d\000\040\000s\000o\000u\000n\000d\000s}{}% 40
\BOOKMARK [2][-]{subsection.9.1}{\376\377\000C\000o\000n\000f\000i\000g\000u\000r\000e\000\040\000s\000p\000e\000e\000c\000h}{section.9}% 41
\BOOKMARK [2][-]{subsection.9.2}{\376\377\000C\000o\000n\000f\000i\000g\000u\000r\000e\000\040\000s\000o\000u\000n\000d}{section.9}% 42
\BOOKMARK [1][-]{section.10}{\376\377\000S\000h\000o\000w\000\040\000c\000a\000p\000t\000u\000r\000e\000d\000\040\000p\000i\000e\000c\000e\000s}{}% 43
\BOOKMARK [1][-]{section.11}{\376\377\000E\000l\000e\000c\000t\000r\000o\000n\000i\000c\000\040\000c\000h\000e\000s\000s\000b\000o\000a\000r\000d\000s}{}% 44
\BOOKMARK [2][-]{subsection.11.1}{\376\377\000C\000o\000n\000f\000i\000g\000u\000r\000e\000\040\000C\000e\000r\000t\000a\000b\000o\000\040\000b\000o\000a\000r\000d\000s}{section.11}% 45
\BOOKMARK [3][-]{subsubsection.11.1.1}{\376\377\000C\000o\000n\000f\000i\000g\000u\000r\000e\000\040\000B\000l\000u\000e\000t\000o\000o\000t\000h}{subsection.11.1}% 46
\BOOKMARK [3][-]{subsubsection.11.1.2}{\376\377\000C\000a\000l\000i\000b\000r\000a\000t\000i\000o\000n}{subsection.11.1}% 47
\BOOKMARK [3][-]{subsubsection.11.1.3}{\376\377\000C\000h\000e\000s\000s\000t\000i\000m\000a\000t\000i\000o\000n\000\040\000M\000o\000d\000u\000l}{subsection.11.1}% 48
\BOOKMARK [3][-]{subsubsection.11.1.4}{\376\377\000C\000o\000n\000n\000e\000c\000t}{subsection.11.1}% 49
\BOOKMARK [2][-]{subsection.11.2}{\376\377\000C\000o\000n\000f\000i\000g\000u\000r\000e\000\040\000T\000a\000b\000u\000T\000r\000o\000n\000i\000c\000\040\000C\000e\000r\000n\000o}{section.11}% 50
\BOOKMARK [2][-]{subsection.11.3}{\376\377\000C\000o\000n\000f\000i\000g\000u\000r\000e\000\040\000T\000a\000b\000u\000T\000r\000o\000n\000i\000c\000\040\000S\000e\000n\000t\000i\000o}{section.11}% 51
\BOOKMARK [3][-]{subsubsection.11.3.1}{\376\377\000C\000o\000n\000f\000i\000g\000u\000r\000e\000\040\000B\000l\000u\000e\000t\000o\000o\000t\000h}{subsection.11.3}% 52
\BOOKMARK [3][-]{subsubsection.11.3.2}{\376\377\000C\000o\000n\000n\000e\000c\000t}{subsection.11.3}% 53
\BOOKMARK [2][-]{subsection.11.4}{\376\377\000C\000o\000n\000f\000i\000g\000u\000r\000e\000\040\000M\000i\000l\000l\000e\000n\000n\000i\000u\000m\000\040\000C\000h\000e\000s\000s\000L\000i\000n\000k}{section.11}% 54
\BOOKMARK [3][-]{subsubsection.11.4.1}{\376\377\000L\000E\000D\000s}{subsection.11.4}% 55
\BOOKMARK [3][-]{subsubsection.11.4.2}{\376\377\000D\000e\000l\000a\000y}{subsection.11.4}% 56
\BOOKMARK [3][-]{subsubsection.11.4.3}{\376\377\000S\000c\000a\000n\000s}{subsection.11.4}% 57
\BOOKMARK [3][-]{subsubsection.11.4.4}{\376\377\000C\000h\000e\000s\000s\000t\000i\000m\000a\000t\000i\000o\000n\000\040\000M\000o\000d\000u\000l\000e}{subsection.11.4}% 58
\BOOKMARK [3][-]{subsubsection.11.4.5}{\376\377\000C\000o\000n\000f\000i\000g\000u\000r\000e\000\040\000B\000l\000u\000e\000t\000o\000o\000t\000h}{subsection.11.4}% 59
\BOOKMARK [3][-]{subsubsection.11.4.6}{\376\377\000C\000o\000n\000n\000e\000c\000t}{subsection.11.4}% 60
\BOOKMARK [2][-]{subsection.11.5}{\376\377\000C\000o\000n\000f\000i\000g\000u\000r\000e\000\040\000D\000G\000T\000\040\000e\000-\000B\000o\000a\000r\000d}{section.11}% 61
\BOOKMARK [3][-]{subsubsection.11.5.1}{\376\377\000C\000o\000n\000f\000i\000g\000u\000r\000e\000\040\000B\000l\000u\000e\000t\000o\000o\000t\000h}{subsection.11.5}% 62
\BOOKMARK [2][-]{subsection.11.6}{\376\377\000C\000o\000n\000n\000e\000c\000t\000\040\000D\000G\000T\000\040\000P\000e\000g\000a\000s\000u\000s}{section.11}% 63
\BOOKMARK [3][-]{subsubsection.11.6.1}{\376\377\000V\000e\000r\000i\000f\000y\000\040\000p\000o\000s\000i\000t\000i\000o\000n}{subsection.11.6}% 64
\BOOKMARK [2][-]{subsection.11.7}{\376\377\000C\000o\000n\000n\000e\000c\000t\000\040\000C\000h\000e\000s\000s\000n\000u\000t\000\040\000A\000i\000r\000/\000P\000r\000o}{section.11}% 65
\BOOKMARK [2][-]{subsection.11.8}{\376\377\000C\000o\000n\000n\000e\000c\000t\000\040\000S\000q\000u\000a\000r\000e\000\040\000O\000f\000f\000\040\000P\000r\000o}{section.11}% 66
\BOOKMARK [3][-]{subsubsection.11.8.1}{\376\377\000V\000e\000r\000i\000f\000y\000\040\000p\000o\000s\000i\000t\000i\000o\000n}{subsection.11.8}% 67
\BOOKMARK [2][-]{subsection.11.9}{\376\377\000C\000o\000n\000f\000i\000g\000u\000r\000e\000\040\000N\000O\000V\000A\000G\000\040\000C\000i\000t\000r\000i\000n\000e}{section.11}% 68
\BOOKMARK [3][-]{subsubsection.11.9.1}{\376\377\000C\000o\000n\000n\000e\000c\000t}{subsection.11.9}% 69
\BOOKMARK [3][-]{subsubsection.11.9.2}{\376\377\000I\000m\000p\000o\000r\000t\000a\000n\000t\000\040\000i\000n\000f\000o\000r\000m\000a\000t\000i\000o\000n\000\040\000a\000n\000d\000\040\000r\000e\000s\000t\000r\000i\000c\000t\000i\000o\000n\000s}{subsection.11.9}% 70
\BOOKMARK [2][-]{subsection.11.10}{\376\377\000C\000o\000n\000f\000i\000g\000u\000r\000e\000\040\000N\000O\000V\000A\000G\000\040\000U\000C\000B}{section.11}% 71
\BOOKMARK [3][-]{subsubsection.11.10.1}{\376\377\000C\000o\000n\000n\000e\000c\000t}{subsection.11.10}% 72
\BOOKMARK [3][-]{subsubsection.11.10.2}{\376\377\000I\000m\000p\000o\000r\000t\000a\000n\000t\000\040\000i\000n\000f\000o\000r\000m\000a\000t\000i\000o\000n\000\040\000a\000n\000d\000\040\000r\000e\000s\000t\000r\000i\000c\000t\000i\000o\000n\000s}{subsection.11.10}% 73
\BOOKMARK [2][-]{subsection.11.11}{\376\377\000C\000o\000n\000f\000i\000g\000u\000r\000e\000\040\000S\000a\000i\000t\000e\000k\000\040\000O\000S\000A}{section.11}% 74
\BOOKMARK [3][-]{subsubsection.11.11.1}{\376\377\000C\000o\000n\000n\000e\000c\000t}{subsection.11.11}% 75
\BOOKMARK [3][-]{subsubsection.11.11.2}{\376\377\000I\000m\000p\000o\000r\000t\000a\000n\000t\000\040\000i\000n\000f\000o\000r\000m\000a\000t\000i\000o\000n\000\040\000a\000n\000d\000\040\000r\000e\000s\000t\000r\000i\000c\000t\000i\000o\000n\000s}{subsection.11.11}% 76
\BOOKMARK [2][-]{subsection.11.12}{\376\377\000S\000w\000i\000t\000c\000h\000\040\000s\000i\000d\000e}{section.11}% 77
\BOOKMARK [1][-]{section.12}{\376\377\000P\000l\000a\000y\000\040\000a\000\040\000g\000a\000m\000e}{}% 78
\BOOKMARK [2][-]{subsection.12.1}{\376\377\000S\000e\000l\000e\000c\000t\000\040\000o\000p\000p\000o\000n\000e\000n\000t}{section.12}% 79
\BOOKMARK [2][-]{subsection.12.2}{\376\377\000P\000l\000a\000y\000i\000n\000g\000\040\000i\000n\000\040\000r\000e\000l\000a\000x\000e\000d\000\040\000m\000o\000d\000e}{section.12}% 80
\BOOKMARK [2][-]{subsection.12.3}{\376\377\000T\000i\000m\000e\000\040\000c\000o\000n\000t\000r\000o\000l}{section.12}% 81
\BOOKMARK [2][-]{subsection.12.4}{\376\377\000T\000o\000u\000r\000n\000a\000m\000e\000n\000t\000\040\000m\000o\000d\000e}{section.12}% 82
\BOOKMARK [2][-]{subsection.12.5}{\376\377\000A\000l\000l\000o\000w\000\040\000t\000o\000\040\000t\000a\000k\000e\000\040\000a\000\040\000m\000o\000v\000e\000\040\000b\000a\000c\000k}{section.12}% 83
\BOOKMARK [2][-]{subsection.12.6}{\376\377\000E\000x\000t\000r\000a\000\040\000t\000i\000m\000e\000\040\000f\000o\000r\000\040\000h\000u\000m\000a\000n\000\040\000p\000l\000a\000y\000e\000r}{section.12}% 84
\BOOKMARK [2][-]{subsection.12.7}{\376\377\000S\000t\000a\000r\000t\000\040\000t\000h\000e\000\040\000c\000l\000o\000c\000k\000\040\000a\000f\000t\000e\000r\000\040\000t\000h\000e\000\040\000m\000o\000v\000e\000\040\000i\000s\000\040\000e\000x\000e\000c\000u\000t\000e\000d\000\040\000o\000n\000\040\000t\000h\000e\000\040\000e\000l\000e\000c\000t\000r\000o\000n\000i\000c\000\040\000b\000o\000a\000r\000d}{section.12}% 85
\BOOKMARK [2][-]{subsection.12.8}{\376\377\000S\000t\000a\000r\000t\000\040\000f\000r\000o\000m}{section.12}% 86
\BOOKMARK [2][-]{subsection.12.9}{\376\377\000C\000o\000n\000f\000i\000g\000u\000r\000a\000t\000i\000o\000n\000\040\000f\000o\000r\000\040\000s\000t\000a\000r\000t\000u\000p\000\040\000g\000a\000m\000e}{section.12}% 87
\BOOKMARK [2][-]{subsection.12.10}{\376\377\000R\000e\000q\000u\000e\000s\000t\000\040\000f\000o\000r\000\040\000h\000e\000l\000p}{section.12}% 88
\BOOKMARK [1][-]{section.13}{\376\377\000M\000o\000v\000e\000\040\000l\000i\000s\000t}{}% 89
\BOOKMARK [1][-]{section.14}{\376\377\000P\000a\000u\000s\000e\000\040\000a\000n\000d\000\040\000c\000o\000n\000t\000i\000n\000u\000e\000\040\000a\000\040\000g\000a\000m\000e}{}% 90
\BOOKMARK [1][-]{section.15}{\376\377\000E\000a\000s\000y\000\040\000s\000t\000a\000r\000t\000\040\000o\000r\000\040\000r\000e\000s\000t\000a\000r\000t\000\040\000o\000f\000\040\000a\000\040\000g\000a\000m\000e}{}% 91
\BOOKMARK [2][-]{subsubsection.15.0.1}{\376\377\000C\000o\000n\000t\000i\000n\000u\000e\000\040\000a\000\040\000g\000a\000m\000e}{section.15}% 92
\BOOKMARK [3][-]{subsubsection.15.0.2}{\376\377\000E\000l\000e\000c\000t\000r\000o\000n\000i\000c\000\040\000c\000h\000e\000s\000s\000b\000o\000a\000r\000d}{subsubsection.15.0.1}% 93
\BOOKMARK [2][-]{subsection.15.1}{\376\377\000I\000n\000f\000l\000u\000e\000n\000c\000e\000\040\000o\000f\000\040\000B\000e\000a\000r\000C\000h\000e\000s\000s\000\040\000i\000n\000\040\000e\000n\000g\000i\000n\000e\000\040\000g\000a\000m\000e\000s}{section.15}% 94
\BOOKMARK [1][-]{section.16}{\376\377\000R\000e\000l\000a\000x\000e\000d\000\040\000m\000o\000d\000e}{}% 95
\BOOKMARK [1][-]{section.17}{\376\377\000A\000n\000a\000l\000y\000s\000i\000s\000\040\000m\000o\000d\000e}{}% 96
\BOOKMARK [2][-]{subsection.17.1}{\376\377\000F\000r\000e\000e\000\040\000a\000n\000a\000l\000y\000s\000e}{section.17}% 97
\BOOKMARK [2][-]{subsection.17.2}{\376\377\000W\000i\000t\000h\000\040\000e\000l\000e\000c\000t\000r\000o\000n\000i\000c\000\040\000c\000h\000e\000s\000s\000b\000o\000a\000r\000d}{section.17}% 98
\BOOKMARK [2][-]{subsection.17.3}{\376\377\000W\000i\000t\000h\000o\000u\000t\000\040\000e\000l\000e\000c\000t\000r\000o\000n\000i\000c\000\040\000c\000h\000e\000s\000s\000b\000o\000a\000r\000d}{section.17}% 99
\BOOKMARK [2][-]{subsection.17.4}{\376\377\000A\000n\000a\000l\000y\000s\000e\000\040\000a\000\040\000g\000a\000m\000e}{section.17}% 100
\BOOKMARK [3][-]{subsubsection.17.4.1}{\376\377\000A\000n\000a\000l\000y\000s\000e\000\040\000a\000\040\000l\000o\000a\000d\000e\000d\000\040\000g\000a\000m\000e}{subsection.17.4}% 101
\BOOKMARK [3][-]{subsubsection.17.4.2}{\376\377\000A\000n\000a\000l\000y\000s\000e\000\040\000a\000\040\000n\000e\000w\000\040\000g\000a\000m\000e}{subsection.17.4}% 102
\BOOKMARK [1][-]{section.18}{\376\377\000D\000u\000e\000l}{}% 103
\BOOKMARK [2][-]{subsection.18.1}{\376\377\000S\000t\000a\000r\000t\000\040\000a\000\040\000n\000e\000w\000\040\000d\000u\000e\000l}{section.18}% 104
\BOOKMARK [3][-]{subsubsection.18.1.1}{\376\377\000E\000n\000g\000i\000n\000e\000\040\000d\000u\000e\000l\000\040\000i\000n\000f\000o\000r\000m\000a\000t\000i\000o\000n}{subsection.18.1}% 105
\BOOKMARK [2][-]{subsection.18.2}{\376\377\000E\000s\000t\000i\000m\000a\000t\000e\000\040\000E\000L\000O}{section.18}% 106
\BOOKMARK [2][-]{subsection.18.3}{\376\377\000M\000a\000n\000a\000g\000e\000\040\000d\000u\000e\000l\000s}{section.18}% 107
\BOOKMARK [3][-]{subsubsection.18.3.1}{\376\377\000R\000e\000n\000a\000m\000e\000\040\000a\000\040\000d\000u\000e\000l}{subsection.18.3}% 108
\BOOKMARK [3][-]{subsubsection.18.3.2}{\376\377\000R\000e\000p\000e\000a\000t\000\040\000a\000\040\000g\000a\000m\000e}{subsection.18.3}% 109
\BOOKMARK [1][-]{section.19}{\376\377\000E\000n\000g\000i\000n\000e\000\040\000t\000o\000u\000r\000n\000a\000m\000e\000n\000t}{}% 110
\BOOKMARK [2][-]{subsection.19.1}{\376\377\000S\000t\000a\000r\000t\000\040\000a\000\040\000n\000e\000w\000\040\000e\000n\000g\000i\000n\000e\000\040\000t\000o\000u\000r\000n\000a\000m\000e\000n\000t}{section.19}% 111
\BOOKMARK [3][-]{subsubsection.19.1.1}{\376\377\000E\000n\000g\000i\000n\000e\000\040\000t\000o\000u\000r\000n\000a\000m\000e\000n\000t\000\040\000i\000n\000f\000o\000r\000m\000a\000t\000i\000o\000n}{subsection.19.1}% 112
\BOOKMARK [2][-]{subsection.19.2}{\376\377\000M\000a\000n\000a\000g\000e\000\040\000e\000n\000g\000i\000n\000e\000\040\000t\000o\000u\000r\000n\000a\000m\000e\000n\000t\000s}{section.19}% 113
\BOOKMARK [3][-]{subsubsection.19.2.1}{\376\377\000R\000e\000n\000a\000m\000e\000\040\000a\000\040\000t\000o\000u\000r\000n\000a\000m\000e\000n\000t}{subsection.19.2}% 114
\BOOKMARK [3][-]{subsubsection.19.2.2}{\376\377\000R\000e\000p\000e\000a\000t\000\040\000a\000\040\000g\000a\000m\000e}{subsection.19.2}% 115
\BOOKMARK [3][-]{subsubsection.19.2.3}{\376\377\000T\000o\000u\000r\000n\000a\000m\000e\000n\000t\000\040\000i\000n\000f\000o\000r\000m\000a\000t\000i\000o\000n}{subsection.19.2}% 116
\BOOKMARK [1][-]{section.20}{\376\377\000S\000e\000t\000u\000p\000\040\000p\000o\000s\000i\000t\000i\000o\000n}{}% 117
\BOOKMARK [2][-]{subsection.20.1}{\376\377\000W\000i\000t\000h\000\040\000s\000u\000p\000p\000o\000r\000t\000\040\000o\000f\000\040\000a\000n\000\040\000e\000l\000e\000c\000t\000r\000o\000n\000i\000c\000\040\000c\000h\000e\000s\000s\000b\000o\000a\000r\000d}{section.20}% 118
\BOOKMARK [2][-]{subsection.20.2}{\376\377\000W\000i\000t\000h\000o\000u\000t\000\040\000s\000u\000p\000p\000o\000r\000t\000\040\000o\000f\000\040\000a\000n\000\040\000e\000l\000e\000c\000t\000r\000o\000n\000i\000c\000\040\000c\000h\000e\000s\000s\000b\000o\000a\000r\000d}{section.20}% 119
\BOOKMARK [1][-]{section.21}{\376\377\000F\000r\000e\000e\000\040\000I\000n\000t\000e\000r\000n\000e\000t\000\040\000C\000h\000e\000s\000s\000\040\000S\000e\000r\000v\000e\000r\000\040\000\050\000F\000I\000C\000S\000\051}{}% 120
\BOOKMARK [2][-]{subsection.21.1}{\376\377\000C\000o\000n\000f\000i\000g\000u\000r\000e\000\040\000F\000I\000C\000S\000\040\000c\000o\000n\000n\000e\000c\000t\000i\000o\000n}{section.21}% 121
\BOOKMARK [2][-]{subsection.21.2}{\376\377\000C\000o\000n\000n\000e\000c\000t\000\040\000t\000o\000\040\000F\000I\000C\000S}{section.21}% 122
\BOOKMARK [2][-]{subsection.21.3}{\376\377\000F\000I\000C\000S\000\040\000w\000i\000n\000d\000o\000w}{section.21}% 123
\BOOKMARK [3][-]{subsubsection.21.3.1}{\376\377\000M\000a\000i\000n}{subsection.21.3}% 124
\BOOKMARK [4][-]{paragraph.21.3.1.1}{\376\377\000O\000f\000f\000e\000r\000\040\000a\000\040\000g\000a\000m\000e}{subsubsection.21.3.1}% 125
\BOOKMARK [4][-]{paragraph.21.3.1.2}{\376\377\000S\000e\000n\000d\000\040\000a\000\040\000m\000e\000s\000s\000a\000g\000e\000\040\000t\000o\000\040\000y\000o\000u\000r\000\040\000o\000p\000p\000o\000n\000e\000n\000t}{subsubsection.21.3.1}% 126
\BOOKMARK [4][-]{paragraph.21.3.1.3}{\376\377\000S\000e\000n\000d\000\040\000a\000n\000d\000\040\000d\000e\000f\000i\000n\000e\000\040\000y\000o\000u\000r\000\040\000c\000o\000m\000m\000a\000n\000d\000s}{subsubsection.21.3.1}% 127
\BOOKMARK [4][-]{paragraph.21.3.1.4}{\376\377\000S\000e\000n\000d\000\040\000a\000n\000d\000\040\000r\000e\000c\000e\000i\000v\000e\000\040\000m\000e\000s\000s\000a\000g\000e\000s}{subsubsection.21.3.1}% 128
\BOOKMARK [3][-]{subsubsection.21.3.2}{\376\377\000A\000d\000v\000e\000r\000t\000i\000s\000e\000m\000e\000n\000t\000s}{subsection.21.3}% 129
\BOOKMARK [3][-]{subsubsection.21.3.3}{\376\377\000U\000s\000e\000r\000s}{subsection.21.3}% 130
\BOOKMARK [3][-]{subsubsection.21.3.4}{\376\377\000L\000o\000g}{subsection.21.3}% 131
\BOOKMARK [1][-]{section.22}{\376\377\000R\000u\000n\000\040\000s\000t\000a\000r\000t\000u\000p\000\040\000g\000a\000m\000e\000\040\000o\000n\000\040\000s\000t\000a\000r\000t}{}% 132
\BOOKMARK [1][-]{section.23}{\376\377\000G\000a\000m\000e\000s}{}% 133
\BOOKMARK [2][-]{subsection.23.1}{\376\377\000S\000a\000v\000e}{section.23}% 134
\BOOKMARK [2][-]{subsection.23.2}{\376\377\000G\000a\000m\000e\000s\000\040\000m\000a\000n\000a\000g\000e\000r}{section.23}% 135
\BOOKMARK [2][-]{subsection.23.3}{\376\377\000C\000o\000p\000y\000\040\000\046\000\040\000P\000a\000s\000t\000e\000\040\000f\000r\000o\000m\000\040\000c\000l\000i\000p\000b\000o\000a\000r\000d}{section.23}% 136
\BOOKMARK [2][-]{subsection.23.4}{\376\377\000P\000G\000N\000\040\000e\000x\000p\000o\000r\000t}{section.23}% 137
\BOOKMARK [1][-]{section.24}{\376\377\000E\000n\000g\000i\000n\000e\000\040\000w\000i\000n\000d\000o\000w}{}% 138
\BOOKMARK [1][-]{section.25}{\376\377\000E\000x\000t\000e\000n\000d\000e\000d\000\040\000e\000n\000g\000i\000n\000e\000\040\000s\000u\000p\000p\000o\000r\000t}{}% 139
\BOOKMARK [1][-]{section.26}{\376\377\000I\000m\000p\000o\000r\000t\000a\000n\000t\000\040\000T\000o\000\040\000K\000n\000o\000w}{}% 140
\BOOKMARK [2][-]{subsection.26.1}{\376\377\000I\000n\000s\000t\000a\000l\000l\000\040\000a\000\040\000n\000e\000w\000\040\000v\000e\000r\000s\000i\000o\000n}{section.26}% 141
\BOOKMARK [2][-]{subsection.26.2}{\376\377\000M\000e\000s\000s\000C\000h\000e\000s\000s\000\040\000e\000n\000g\000i\000n\000e\000s}{section.26}% 142
\BOOKMARK [2][-]{subsection.26.3}{\376\377\000C\000e\000r\000t\000a\000b\000o\000:\000\040\000b\000o\000a\000r\000d\000\040\000o\000r\000i\000e\000n\000t\000a\000t\000i\000o\000n}{section.26}% 143
\BOOKMARK [2][-]{subsection.26.4}{\376\377\000C\000e\000r\000t\000a\000b\000o\000:\000\040\000C\000a\000l\000i\000b\000r\000a\000t\000i\000o\000n}{section.26}% 144
\BOOKMARK [2][-]{subsection.26.5}{\376\377\000C\000e\000r\000t\000a\000b\000o\000:\000\040\000P\000a\000w\000n\000\040\000c\000o\000n\000v\000e\000r\000s\000i\000o\000n\000\040\000t\000o\000\040\000a\000\040\000q\000u\000e\000e\000n}{section.26}% 145
\BOOKMARK [2][-]{subsection.26.6}{\376\377\000T\000a\000b\000u\000T\000r\000o\000n\000i\000c\000\040\000S\000e\000n\000t\000i\000o\000:\000\040\000P\000i\000e\000c\000e\000\040\000r\000e\000c\000o\000g\000n\000i\000t\000i\000o\000n}{section.26}% 146
\BOOKMARK [2][-]{subsection.26.7}{\376\377\000M\000i\000l\000l\000e\000n\000n\000i\000u\000m\000\040\000C\000h\000e\000s\000s\000L\000i\000n\000k\000\040\000\050\000n\000o\000t\000\040\000e\000O\000n\000e\000\051\000:\000\040\000b\000o\000a\000r\000d\000\040\000o\000r\000i\000e\000n\000t\000a\000t\000i\000o\000n}{section.26}% 147
\BOOKMARK [2][-]{subsection.26.8}{\376\377\000D\000G\000T\000\040\000P\000e\000g\000a\000s\000u\000s\000:\000\040\000P\000i\000e\000c\000e\000\040\000r\000e\000c\000o\000g\000n\000i\000t\000i\000o\000n}{section.26}% 148
\BOOKMARK [2][-]{subsection.26.9}{\376\377\000S\000q\000u\000a\000r\000e\000\040\000O\000f\000f\000\040\000P\000r\000o\000:\000\040\000P\000i\000e\000c\000e\000\040\000r\000e\000c\000o\000g\000n\000i\000t\000i\000o\000n}{section.26}% 149
\BOOKMARK [2][-]{subsection.26.10}{\376\377\000E\000l\000e\000c\000t\000r\000o\000n\000i\000c\000\040\000c\000h\000e\000s\000s\000b\000o\000a\000r\000d\000\040\000a\000n\000d\000\040\000e\000n\000g\000i\000n\000e\000\040\000d\000u\000e\000l\000s}{section.26}% 150
\BOOKMARK [2][-]{subsection.26.11}{\376\377\000F\000I\000C\000S\000\040\000a\000n\000d\000\040\000g\000a\000m\000e\000\040\000t\000y\000p\000e\000s}{section.26}% 151
\BOOKMARK [2][-]{subsection.26.12}{\376\377\000F\000I\000C\000S\000\040\000a\000n\000d\000\040\000e\000n\000g\000i\000n\000e\000s}{section.26}% 152
\BOOKMARK [2][-]{subsection.26.13}{\376\377\000N\000O\000V\000A\000G\000\040\000a\000n\000d\000\040\000S\000a\000i\000t\000e\000k\000\040\000b\000o\000a\000r\000d\000s}{section.26}% 153
\BOOKMARK [1][-]{section.27}{\376\377\000T\000r\000o\000u\000b\000l\000e\000\040\000s\000h\000o\000o\000t\000i\000n\000g}{}% 154
\BOOKMARK [2][-]{subsection.27.1}{\376\377\000T\000h\000e\000\040\000c\000h\000e\000s\000s\000\040\000m\000o\000v\000e\000s\000\040\000a\000r\000e\000\040\000n\000o\000t\000\040\000o\000r\000\040\000n\000o\000t\000\040\000c\000o\000r\000r\000e\000c\000t\000l\000y\000\040\000d\000i\000s\000p\000l\000a\000y\000e\000d}{section.27}% 155
\BOOKMARK [1][-]{section.28}{\376\377\000K\000n\000o\000w\000n\000\040\000I\000s\000s\000u\000e\000s}{}% 156
\BOOKMARK [1][-]{section.29}{\376\377\000N\000e\000x\000t\000\040\000S\000t\000e\000p\000s}{}% 157
\BOOKMARK [1][-]{section.30}{\376\377\000C\000h\000a\000n\000g\000e\000\040\000l\000o\000g}{}% 158
